<?xml version="1.0" encoding="UTF-8"?>
<robot generator="Robot 6.0.2 (Python 3.10.7 on win32)" generated="20250505 19:04:06.944" rpa="false" schemaversion="3">
<suite id="s1" name="Login" source="C:\Users\vinod\OneDrive\Desktop\TestLeaf\TestScripts\Login">
<suite id="s1-s1" name="TC 01" source="C:\Users\vinod\OneDrive\Desktop\TestLeaf\TestScripts\Login\TC_01.robot">
<test id="s1-s1-t1" name="TC_01_user interacting leafground" line="13">
<kw name="Open the browser" library="Leaf_ground">
<kw name="Open Browser" library="library">
<arg>${url}</arg>
<status status="PASS" starttime="20250505 19:04:10.656" endtime="20250505 19:04:12.049"/>
</kw>
<status status="PASS" starttime="20250505 19:04:10.655" endtime="20250505 19:04:12.049"/>
</kw>
<kw name="Interacting with textbox elements" library="Leaf_ground">
<kw name="Textbox Element" library="library">
<status status="PASS" starttime="20250505 19:04:12.051" endtime="20250505 19:04:13.102"/>
</kw>
<kw name="Interact Type Your Name" library="library">
<msg timestamp="20250505 19:04:13.601" level="INFO">Type your name
Append Country to this City.
Verify if text box is disabled
Clear the typed text.
Retrieve the typed text.
Type email and Tab. Confirm control moved to next element.
Type about yourself

Text Editor
Text is matched
Field is disabled</msg>
<status status="PASS" starttime="20250505 19:04:13.102" endtime="20250505 19:04:13.601"/>
</kw>
<kw name="Retrieve Text" library="library">
<msg timestamp="20250505 19:04:13.650" level="INFO">Given text is matched</msg>
<status status="PASS" starttime="20250505 19:04:13.601" endtime="20250505 19:04:13.650"/>
</kw>
<kw name="Error Message Text" library="library">
<msg timestamp="20250505 19:04:14.114" level="INFO">Age is mandatory</msg>
<status status="PASS" starttime="20250505 19:04:13.650" endtime="20250505 19:04:14.114"/>
</kw>
<status status="PASS" starttime="20250505 19:04:12.050" endtime="20250505 19:04:14.114"/>
</kw>
<status status="PASS" starttime="20250505 19:04:10.653" endtime="20250505 19:04:14.115"/>
</test>
<status status="PASS" starttime="20250505 19:04:06.974" endtime="20250505 19:04:14.116"/>
</suite>
<suite id="s1-s2" name="TC 02" source="C:\Users\vinod\OneDrive\Desktop\TestLeaf\TestScripts\Login\TC_02.robot">
<test id="s1-s2-t1" name="TC_01 interacting with alert page" line="14">
<kw name="Open the browser" library="Page_alert">
<kw name="Open Browser" library="library">
<arg>${url}</arg>
<status status="PASS" starttime="20250505 19:04:14.130" endtime="20250505 19:04:14.830"/>
</kw>
<status status="PASS" starttime="20250505 19:04:14.130" endtime="20250505 19:04:14.830"/>
</kw>
<kw name="Interacts with alert page" library="Page_alert">
<kw name="Alert Simple Dialog" library="library">
<msg timestamp="20250505 19:04:19.459" level="INFO">Text is matched</msg>
<status status="PASS" starttime="20250505 19:04:14.832" endtime="20250505 19:04:19.459"/>
</kw>
<kw name="Alert Confirm Dialog" library="library">
<msg timestamp="20250505 19:04:20.606" level="INFO">Text is matched</msg>
<status status="PASS" starttime="20250505 19:04:19.459" endtime="20250505 19:04:20.606"/>
</kw>
<kw name="Sweet Alert Dialog" library="library">
<msg timestamp="20250505 19:04:22.798" level="INFO">Text is matched</msg>
<status status="PASS" starttime="20250505 19:04:20.607" endtime="20250505 19:04:22.798"/>
</kw>
<kw name="Sweet Model Dialog" library="library">
<msg timestamp="20250505 19:04:25.097" level="INFO">Modal Dialog (Sweet Alert)
Text is matched</msg>
<status status="PASS" starttime="20250505 19:04:22.798" endtime="20250505 19:04:25.098"/>
</kw>
<kw name="Alert Prompt Dialog" library="library">
<msg timestamp="20250505 19:04:27.267" level="INFO">Text is matched
Text is matched</msg>
<status status="PASS" starttime="20250505 19:04:25.098" endtime="20250505 19:04:27.267"/>
</kw>
<kw name="Sweet Alert Confirmation Dialog" library="library">
<msg timestamp="20250505 19:04:31.298" level="INFO">Text is matched</msg>
<status status="PASS" starttime="20250505 19:04:27.267" endtime="20250505 19:04:31.298"/>
</kw>
<kw name="Min And Max Dialog" library="library">
<msg timestamp="20250505 19:04:39.848" level="INFO">Text is matched
Text is matched</msg>
<status status="PASS" starttime="20250505 19:04:31.299" endtime="20250505 19:04:39.848"/>
</kw>
<status status="PASS" starttime="20250505 19:04:14.831" endtime="20250505 19:04:39.848"/>
</kw>
<status status="PASS" starttime="20250505 19:04:14.130" endtime="20250505 19:04:39.849"/>
</test>
<status status="PASS" starttime="20250505 19:04:14.117" endtime="20250505 19:04:39.851"/>
</suite>
<suite id="s1-s3" name="TC 03 Frame" source="C:\Users\vinod\OneDrive\Desktop\TestLeaf\TestScripts\Login\TC_03_Frame.robot">
<test id="s1-s3-t1" name="TC_01 interacting with alert page" line="14">
<kw name="Open the browser" library="Page_frame">
<kw name="Open Browser" library="library">
<arg>${url}</arg>
<status status="PASS" starttime="20250505 19:04:39.888" endtime="20250505 19:04:40.400"/>
</kw>
<status status="PASS" starttime="20250505 19:04:39.888" endtime="20250505 19:04:40.400"/>
</kw>
<kw name="Interact with Frame" library="Page_frame">
<kw name="Page Frame" library="library">
<msg timestamp="20250505 19:04:43.437" level="INFO">Hurray! You Clicked Me.
Count Frames
Number of frames: 3</msg>
<status status="PASS" starttime="20250505 19:04:40.401" endtime="20250505 19:04:43.437"/>
</kw>
<status status="PASS" starttime="20250505 19:04:40.401" endtime="20250505 19:04:43.437"/>
</kw>
<status status="PASS" starttime="20250505 19:04:39.884" endtime="20250505 19:04:43.438"/>
</test>
<status status="PASS" starttime="20250505 19:04:39.856" endtime="20250505 19:04:43.441"/>
</suite>
<suite id="s1-s4" name="TC 04 Window" source="C:\Users\vinod\OneDrive\Desktop\TestLeaf\TestScripts\Login\TC_04_Window.robot">
<test id="s1-s4-t1" name="TC_01 interacting with windows page" line="14">
<kw name="Open the browser" library="Page_window">
<kw name="Open Browser" library="library">
<arg>${url}</arg>
<status status="PASS" starttime="20250505 19:04:43.469" endtime="20250505 19:04:44.023"/>
</kw>
<status status="PASS" starttime="20250505 19:04:43.468" endtime="20250505 19:04:44.024"/>
</kw>
<kw name="Interact with Window" library="Page_window">
<kw name="Page Single Window" library="library">
<msg timestamp="20250505 19:04:46.904" level="INFO">Window
Dashboard
Window</msg>
<status status="PASS" starttime="20250505 19:04:44.025" endtime="20250505 19:04:46.904"/>
</kw>
<kw name="Page Multiple Window" library="library">
<msg timestamp="20250505 19:04:50.204" level="INFO">Window
Number of tabs: 3
Back to main tab: Window</msg>
<status status="PASS" starttime="20250505 19:04:46.904" endtime="20250505 19:04:50.204"/>
</kw>
<kw name="Except Main Window" library="library">
<msg timestamp="20250505 19:04:53.724" level="INFO">Window
Number of tabs: 4
Window</msg>
<status status="PASS" starttime="20250505 19:04:50.204" endtime="20250505 19:04:53.724"/>
</kw>
<status status="PASS" starttime="20250505 19:04:44.025" endtime="20250505 19:04:53.724"/>
</kw>
<status status="PASS" starttime="20250505 19:04:43.467" endtime="20250505 19:04:53.725"/>
</test>
<status status="PASS" starttime="20250505 19:04:43.444" endtime="20250505 19:04:53.727"/>
</suite>
<suite id="s1-s5" name="TC 05 Drag and Drop" source="C:\Users\vinod\OneDrive\Desktop\TestLeaf\TestScripts\Login\TC_05_Drag_and_Drop.robot">
<test id="s1-s5-t1" name="TC_01 interacting with windows page" line="14">
<kw name="Open the browser" library="Page_draganddrop">
<kw name="Open Browser" library="library">
<arg>${url}</arg>
<status status="PASS" starttime="20250505 19:04:53.760" endtime="20250505 19:04:54.503"/>
</kw>
<status status="PASS" starttime="20250505 19:04:53.758" endtime="20250505 19:04:54.504"/>
</kw>
<kw name="Interacts with draganddrop page" library="Page_draganddrop">
<kw name="Drag And Drop" library="library">
<status status="PASS" starttime="20250505 19:04:54.506" endtime="20250505 19:04:56.520"/>
</kw>
<kw name="Drag Drop Target" library="library">
<msg timestamp="20250505 19:04:57.149" level="INFO">Text is matched</msg>
<status status="PASS" starttime="20250505 19:04:56.520" endtime="20250505 19:04:57.149"/>
</kw>
<status status="PASS" starttime="20250505 19:04:54.505" endtime="20250505 19:04:57.149"/>
</kw>
<status status="PASS" starttime="20250505 19:04:53.757" endtime="20250505 19:04:57.150"/>
</test>
<status status="PASS" starttime="20250505 19:04:53.731" endtime="20250505 19:04:57.153"/>
</suite>
<suite id="s1-s6" name="TC 06 Button" source="C:\Users\vinod\OneDrive\Desktop\TestLeaf\TestScripts\Login\TC_06_Button.robot">
<test id="s1-s6-t1" name="TC_01 interacting with button page" line="14">
<kw name="Open the browser" library="Page_button">
<kw name="Open Browser" library="library">
<arg>${url}</arg>
<status status="PASS" starttime="20250505 19:04:57.169" endtime="20250505 19:04:58.682"/>
</kw>
<status status="PASS" starttime="20250505 19:04:57.169" endtime="20250505 19:04:58.682"/>
</kw>
<kw name="Verify click and confirm title in Leafground page" library="Page_button">
<kw name="Clickandconfirm Title" library="library">
<msg timestamp="20250505 19:04:59.727" level="INFO">Dashboard</msg>
<status status="PASS" starttime="20250505 19:04:58.683" endtime="20250505 19:04:59.727"/>
</kw>
<status status="PASS" starttime="20250505 19:04:58.682" endtime="20250505 19:04:59.727"/>
</kw>
<kw name="Verify confirm if the button is disabled" library="Page_button">
<kw name="Confirm Button Disabled" library="library">
<msg timestamp="20250505 19:05:00.199" level="INFO">Button is disabled</msg>
<status status="PASS" starttime="20250505 19:04:59.728" endtime="20250505 19:05:00.199"/>
</kw>
<status status="PASS" starttime="20250505 19:04:59.728" endtime="20250505 19:05:00.199"/>
</kw>
<kw name="Verify find the position of the submit button" library="Page_button">
<kw name="Button Position" library="library">
<msg timestamp="20250505 19:05:00.263" level="INFO">submit button position: X=82,Y=398
submit button size: Width=85,Height=32
Submit button visible?True</msg>
<status status="PASS" starttime="20250505 19:05:00.201" endtime="20250505 19:05:00.263"/>
</kw>
<status status="PASS" starttime="20250505 19:05:00.200" endtime="20250505 19:05:00.265"/>
</kw>
<kw name="Verify find the height and width of this button" library="Page_button">
<kw name="Find H W Button" library="library">
<msg timestamp="20250505 19:05:00.293" level="INFO">Submit button size: Width=86,Height=33</msg>
<status status="PASS" starttime="20250505 19:05:00.265" endtime="20250505 19:05:00.293"/>
</kw>
<status status="PASS" starttime="20250505 19:05:00.265" endtime="20250505 19:05:00.294"/>
</kw>
<kw name="Verify mouse over and confirm the color changed" library="Page_button">
<kw name="Button Hover Color Change" library="library">
<msg timestamp="20250505 19:05:01.640" level="INFO">Before color: black
After color:salmon
Color changes on hover rgba(250, 128, 114, 1)</msg>
<status status="PASS" starttime="20250505 19:05:00.295" endtime="20250505 19:05:01.640"/>
</kw>
<status status="PASS" starttime="20250505 19:05:00.294" endtime="20250505 19:05:01.640"/>
</kw>
<kw name="Verify how many rounded buttons are there?" library="Page_button">
<kw name="Count Round Button" library="library">
<msg timestamp="20250505 19:05:01.655" level="INFO">Number of rounded button:4</msg>
<status status="PASS" starttime="20250505 19:05:01.642" endtime="20250505 19:05:01.655"/>
</kw>
<status status="PASS" starttime="20250505 19:05:01.641" endtime="20250505 19:05:01.655"/>
</kw>
<status status="PASS" starttime="20250505 19:04:57.168" endtime="20250505 19:05:01.655"/>
</test>
<status status="PASS" starttime="20250505 19:04:57.154" endtime="20250505 19:05:01.658"/>
</suite>
<status status="PASS" starttime="20250505 19:04:06.946" endtime="20250505 19:05:01.661"/>
</suite>
<statistics>
<total>
<stat pass="6" fail="0" skip="0">All Tests</stat>
</total>
<tag>
</tag>
<suite>
<stat pass="6" fail="0" skip="0" id="s1" name="Login">Login</stat>
<stat pass="1" fail="0" skip="0" id="s1-s1" name="TC 01">Login.TC 01</stat>
<stat pass="1" fail="0" skip="0" id="s1-s2" name="TC 02">Login.TC 02</stat>
<stat pass="1" fail="0" skip="0" id="s1-s3" name="TC 03 Frame">Login.TC 03 Frame</stat>
<stat pass="1" fail="0" skip="0" id="s1-s4" name="TC 04 Window">Login.TC 04 Window</stat>
<stat pass="1" fail="0" skip="0" id="s1-s5" name="TC 05 Drag and Drop">Login.TC 05 Drag and Drop</stat>
<stat pass="1" fail="0" skip="0" id="s1-s6" name="TC 06 Button">Login.TC 06 Button</stat>
</suite>
</statistics>
<errors>
<msg timestamp="20250505 19:04:10.641" level="WARN">Imported library 'C:\Users\vinod\OneDrive\Desktop\TestLeaf\Py\properties.py' contains no keywords.</msg>
<msg timestamp="20250505 19:04:10.646" level="ERROR">Error in file 'C:\Users\vinod\OneDrive\Desktop\TestLeaf\Pageclass\Leaf_ground.robot' on line 13: Invalid resource file extension '.py'. Supported extensions are '.resource', '.robot', '.txt', '.tsv', '.rst' and '.rest'.</msg>
<msg timestamp="20250505 19:04:14.128" level="ERROR">Error in file 'C:\Users\vinod\OneDrive\Desktop\TestLeaf\Pageclass\Page_alert.robot' on line 6: Invalid resource file extension '.py'. Supported extensions are '.resource', '.robot', '.txt', '.tsv', '.rst' and '.rest'.</msg>
<msg timestamp="20250505 19:04:39.872" level="ERROR">Error in file 'C:\Users\vinod\OneDrive\Desktop\TestLeaf\Pageclass\Page_frame.robot' on line 6: Invalid resource file extension '.py'. Supported extensions are '.resource', '.robot', '.txt', '.tsv', '.rst' and '.rest'.</msg>
<msg timestamp="20250505 19:04:43.449" level="ERROR">Error in file 'C:\Users\vinod\OneDrive\Desktop\TestLeaf\TestScripts\Login\TC_04_Window.robot' on line 7: Library 'C:\Users\vinod\OneDrive\Desktop\TestLeaf\TestScripts\Login\Py\library.py' does not exist.</msg>
<msg timestamp="20250505 19:04:43.460" level="ERROR">Error in file 'C:\Users\vinod\OneDrive\Desktop\TestLeaf\Pageclass\Page_window.robot' on line 6: Invalid resource file extension '.py'. Supported extensions are '.resource', '.robot', '.txt', '.tsv', '.rst' and '.rest'.</msg>
<msg timestamp="20250505 19:04:53.741" level="ERROR">Error in file 'C:\Users\vinod\OneDrive\Desktop\TestLeaf\TestScripts\Login\TC_05_Drag_and_Drop.robot' on line 7: Library 'C:\Users\vinod\OneDrive\Desktop\TestLeaf\TestScripts\Login\Py\library.py' does not exist.</msg>
<msg timestamp="20250505 19:04:53.752" level="ERROR">Error in file 'C:\Users\vinod\OneDrive\Desktop\TestLeaf\Pageclass\Page_draganddrop.robot' on line 6: Invalid resource file extension '.py'. Supported extensions are '.resource', '.robot', '.txt', '.tsv', '.rst' and '.rest'.</msg>
<msg timestamp="20250505 19:04:57.158" level="ERROR">Error in file 'C:\Users\vinod\OneDrive\Desktop\TestLeaf\TestScripts\Login\TC_06_Button.robot' on line 7: Library 'C:\Users\vinod\OneDrive\Desktop\TestLeaf\TestScripts\Login\Py\library.py' does not exist.</msg>
<msg timestamp="20250505 19:04:57.164" level="ERROR">Error in file 'C:\Users\vinod\OneDrive\Desktop\TestLeaf\Pageclass\Page_button.robot' on line 6: Invalid resource file extension '.py'. Supported extensions are '.resource', '.robot', '.txt', '.tsv', '.rst' and '.rest'.</msg>
</errors>
</robot>
